<?xml version="1.0" encoding="UTF-8"?>
<!-- Generated by org.testng.reporters.JUnitReportReporter -->
<testsuite hostname="qaiffeeazim" failures="0" tests="2" name="com.Assignment.tests.SearchTest" time="15.703" errors="0" timestamp="08 Feb 2022 04:52:50 GMT" skipped="0">
  <testcase classname="com.Assignment.tests.SearchTest" name="validSearch" time="5.763"/>
  <testcase classname="com.Assignment.tests.SearchTest" name="inValidSearch" time="9.940"/>
</testsuite> <!-- com.Assignment.tests.SearchTest -->
