<?xml version="1.0" encoding="UTF-8"?>
<!-- Generated by org.testng.reporters.JUnitReportReporter -->
<testsuite hostname="qaiffeeazim" failures="0" tests="1" name="com.Assignment.tests.FeeStructureTest" time="10.372" errors="0" timestamp="08 Feb 2022 04:52:50 GMT" skipped="0">
  <testcase classname="com.Assignment.tests.FeeStructureTest" name="Fees" time="10.372"/>
</testsuite> <!-- com.Assignment.tests.FeeStructureTest -->
