<?xml version="1.0" encoding="UTF-8"?>
<!-- Generated by org.testng.reporters.JUnitReportReporter -->
<testsuite hostname="qaiffeeazim" failures="0" tests="1" name="com.Assignment.tests.CartTest" time="12.913" errors="0" timestamp="08 Feb 2022 04:52:50 GMT" skipped="0">
  <testcase classname="com.Assignment.tests.CartTest" name="Cart" time="12.913"/>
</testsuite> <!-- com.Assignment.tests.CartTest -->
